Using pre-set license
Built from '2020.3/staging' branch; Version is '2020.3.5f1 (8095aa901b9b) revision 8426922'; Using compiler version '192528614'; Build Type 'Release'
OS: 'Windows 10 Home; OS build 19043.1165; Version 2009; 64bit' Language: 'en' Physical Memory: 16335 MB
BatchMode: 1, IsHumanControllingUs: 0, StartBugReporterOnCrash: 0, Is64bit: 1, IsPro: 0

 COMMAND LINE ARGUMENTS:
C:\Program Files\Unity\Hub\Editor\2020.3.5f1\Editor\Unity.exe
-adb2
-batchMode
-noUpm
-name
AssetImportWorker0
-projectPath
C:/Users/Ethan/Documents/0 Game Projects/GMTK Jam
-logFile
Logs/AssetImportWorker0.log
-srvPort
52223
Successfully changed project path to: C:/Users/Ethan/Documents/0 Game Projects/GMTK Jam
C:/Users/Ethan/Documents/0 Game Projects/GMTK Jam
Using Asset Import Pipeline V2.
Refreshing native plugins compatible for Editor in 57.68 ms, found 1 plugins.
Preloading 0 native plugins for Editor in 0.00 ms.
Initialize engine version: 2020.3.5f1 (8095aa901b9b)
[Subsystems] Discovering subsystems at path C:/Program Files/Unity/Hub/Editor/2020.3.5f1/Editor/Data/Resources/UnitySubsystems
[Subsystems] Discovering subsystems at path C:/Users/Ethan/Documents/0 Game Projects/GMTK Jam/Assets
GfxDevice: creating device client; threaded=0
Direct3D:
    Version:  Direct3D 11.0 [level 11.1]
    Renderer: NVIDIA GeForce GTX 1080 (ID=0x1b80)
    Vendor:   
    VRAM:     8079 MB
    Driver:   27.21.14.6192
Initialize mono
Mono path[0] = 'C:/Program Files/Unity/Hub/Editor/2020.3.5f1/Editor/Data/Managed'
Mono path[1] = 'C:/Program Files/Unity/Hub/Editor/2020.3.5f1/Editor/Data/MonoBleedingEdge/lib/mono/unityjit'
Mono config path = 'C:/Program Files/Unity/Hub/Editor/2020.3.5f1/Editor/Data/MonoBleedingEdge/etc'
Using monoOptions --debugger-agent=transport=dt_socket,embedding=1,server=y,suspend=n,address=127.0.0.1:56740
Begin MonoManager ReloadAssembly
Registering precompiled unity dll's ...
Register platform support module: C:/Program Files/Unity/Hub/Editor/2020.3.5f1/Editor/Data/PlaybackEngines/MacStandaloneSupport/UnityEditor.OSXStandalone.Extensions.dll
Register platform support module: C:/Program Files/Unity/Hub/Editor/2020.3.5f1/Editor/Data/PlaybackEngines/WindowsStandaloneSupport/UnityEditor.WindowsStandalone.Extensions.dll
Register platform support module: C:/Program Files/Unity/Hub/Editor/2020.3.5f1/Editor/Data/PlaybackEngines/LinuxStandaloneSupport/UnityEditor.LinuxStandalone.Extensions.dll
Registered in 0.002892 seconds.
Native extension for LinuxStandalone target not found
Native extension for WindowsStandalone target not found
Native extension for OSXStandalone target not found
Refreshing native plugins compatible for Editor in 48.85 ms, found 1 plugins.
Preloading 0 native plugins for Editor in 0.00 ms.
Mono: successfully reloaded assembly
- Completed reload, in  1.124 seconds
Platform modules already initialized, skipping
Registering precompiled user dll's ...
Registered in 0.001260 seconds.
Begin MonoManager ReloadAssembly
Native extension for LinuxStandalone target not found
Native extension for WindowsStandalone target not found
Native extension for OSXStandalone target not found
Refreshing native plugins compatible for Editor in 54.86 ms, found 1 plugins.
Preloading 0 native plugins for Editor in 0.00 ms.
Mono: successfully reloaded assembly
- Completed reload, in  0.990 seconds
Platform modules already initialized, skipping
========================================================================
Worker process is ready to serve import requests
Launched and connected shader compiler UnityShaderCompiler.exe after 0.05 seconds
Refreshing native plugins compatible for Editor in 0.54 ms, found 1 plugins.
Preloading 0 native plugins for Editor in 0.00 ms.
Unloading 2154 Unused Serialized files (Serialized files now loaded: 0)
System memory in use before: 96.7 MB.
System memory in use after: 96.8 MB.

Unloading 36 unused Assets to reduce memory usage. Loaded Objects now: 2587.
Total: 3.088400 ms (FindLiveObjects: 0.355400 ms CreateObjectMapping: 0.099800 ms MarkObjects: 2.541300 ms  DeleteObjects: 0.090400 ms)

========================================================================
Received Import Request.
  path: Assets/Scripts/Main Menu UI/TutorialManager.cs
  artifactKey: Guid(76609cd9d07fa7749a6d4dc06313df07) Importer(815301076,1909f56bfc062723c751e8b465ee728b)
Start importing Assets/Scripts/Main Menu UI/TutorialManager.cs using Guid(76609cd9d07fa7749a6d4dc06313df07) Importer(815301076,1909f56bfc062723c751e8b465ee728b)  -> (artifact id: '52ee4e1347a6bc3c8ae4d3469fe82461') in 0.047872 seconds
  Import took 0.052321 seconds .

========================================================================
Received Import Request.
  Time since last request: 10.475008 seconds.
  path: Assets/Scripts/Manager/CamStabilizer.cs
  artifactKey: Guid(192e05e02bb73604f869415a32c22521) Importer(815301076,1909f56bfc062723c751e8b465ee728b)
Start importing Assets/Scripts/Manager/CamStabilizer.cs using Guid(192e05e02bb73604f869415a32c22521) Importer(815301076,1909f56bfc062723c751e8b465ee728b)  -> (artifact id: 'a5934e398bbe84a19e71568e00bcdafb') in 0.008964 seconds
  Import took 0.012641 seconds .

========================================================================
Received Prepare
Registering precompiled user dll's ...
Registered in 0.001287 seconds.
Begin MonoManager ReloadAssembly
Native extension for LinuxStandalone target not found
Native extension for WindowsStandalone target not found
Native extension for OSXStandalone target not found
Refreshing native plugins compatible for Editor in 0.74 ms, found 1 plugins.
Preloading 0 native plugins for Editor in 0.00 ms.
Mono: successfully reloaded assembly
- Completed reload, in  0.924 seconds
Platform modules already initialized, skipping
Refreshing native plugins compatible for Editor in 0.87 ms, found 1 plugins.
Preloading 0 native plugins for Editor in 0.00 ms.
Unloading 2131 Unused Serialized files (Serialized files now loaded: 0)
System memory in use before: 95.0 MB.
System memory in use after: 95.1 MB.

Unloading 24 unused Assets to reduce memory usage. Loaded Objects now: 2591.
Total: 3.251100 ms (FindLiveObjects: 0.354200 ms CreateObjectMapping: 0.096900 ms MarkObjects: 2.776100 ms  DeleteObjects: 0.022500 ms)

========================================================================
Received Import Request.
  Time since last request: 31.585309 seconds.
  path: Assets/Scripts/Manager/DepthHandler.cs
  artifactKey: Guid(1e1d0c32ba4ff9e4f9f03bccfa9f4b5d) Importer(815301076,1909f56bfc062723c751e8b465ee728b)
Start importing Assets/Scripts/Manager/DepthHandler.cs using Guid(1e1d0c32ba4ff9e4f9f03bccfa9f4b5d) Importer(815301076,1909f56bfc062723c751e8b465ee728b)  -> (artifact id: 'da222d639b744120490635141813194f') in 0.015054 seconds
  Import took 0.021201 seconds .

========================================================================
Received Import Request.
  Time since last request: 0.000230 seconds.
  path: Assets/Scripts/Manager/CamStabilizer.cs
  artifactKey: Guid(192e05e02bb73604f869415a32c22521) Importer(815301076,1909f56bfc062723c751e8b465ee728b)
Start importing Assets/Scripts/Manager/CamStabilizer.cs using Guid(192e05e02bb73604f869415a32c22521) Importer(815301076,1909f56bfc062723c751e8b465ee728b)  -> (artifact id: 'ce46e32bee83b9188919f78a3d515d84') in 0.002791 seconds
  Import took 0.021755 seconds .

========================================================================
Received Import Request.
  Time since last request: 14.500236 seconds.
  path: Assets/Scripts/Manager/GameEvents.cs
  artifactKey: Guid(eb26d910f4e9acd4a949ea025e3f4204) Importer(815301076,1909f56bfc062723c751e8b465ee728b)
Start importing Assets/Scripts/Manager/GameEvents.cs using Guid(eb26d910f4e9acd4a949ea025e3f4204) Importer(815301076,1909f56bfc062723c751e8b465ee728b)  -> (artifact id: '41d420a98b8a85ecd707d684113bd6e5') in 0.007301 seconds
  Import took 0.011761 seconds .

========================================================================
Received Import Request.
  Time since last request: 0.017909 seconds.
  path: Assets/Scripts/Manager/GameEvents.cs
  artifactKey: Guid(eb26d910f4e9acd4a949ea025e3f4204) Importer(815301076,1909f56bfc062723c751e8b465ee728b)
Start importing Assets/Scripts/Manager/GameEvents.cs using Guid(eb26d910f4e9acd4a949ea025e3f4204) Importer(815301076,1909f56bfc062723c751e8b465ee728b)  -> (artifact id: '41d420a98b8a85ecd707d684113bd6e5') in 0.003313 seconds
  Import took 0.007220 seconds .

========================================================================
Received Prepare
Registering precompiled user dll's ...
Registered in 0.001480 seconds.
Begin MonoManager ReloadAssembly
Native extension for LinuxStandalone target not found
Native extension for WindowsStandalone target not found
Native extension for OSXStandalone target not found
Refreshing native plugins compatible for Editor in 0.57 ms, found 1 plugins.
Preloading 0 native plugins for Editor in 0.00 ms.
Mono: successfully reloaded assembly
- Completed reload, in  0.929 seconds
Platform modules already initialized, skipping
Refreshing native plugins compatible for Editor in 0.70 ms, found 1 plugins.
Preloading 0 native plugins for Editor in 0.00 ms.
Unloading 2131 Unused Serialized files (Serialized files now loaded: 0)
System memory in use before: 95.0 MB.
System memory in use after: 95.1 MB.

Unloading 24 unused Assets to reduce memory usage. Loaded Objects now: 2595.
Total: 3.862300 ms (FindLiveObjects: 0.928000 ms CreateObjectMapping: 0.192300 ms MarkObjects: 2.706700 ms  DeleteObjects: 0.033400 ms)

========================================================================
Received Import Request.
  Time since last request: 138.652930 seconds.
  path: Assets/Scripts/Manager/LevelRestart.cs
  artifactKey: Guid(19573bd25432fc74caaab2d4df3a817d) Importer(815301076,1909f56bfc062723c751e8b465ee728b)
Start importing Assets/Scripts/Manager/LevelRestart.cs using Guid(19573bd25432fc74caaab2d4df3a817d) Importer(815301076,1909f56bfc062723c751e8b465ee728b)  -> (artifact id: '458a1c77f061a6a64e6492823b126b08') in 0.010230 seconds
  Import took 0.014260 seconds .

========================================================================
Received Import Request.
  Time since last request: 10.166341 seconds.
  path: Assets/Scripts/Manager/LevelStart.cs
  artifactKey: Guid(22003c6cae137fa4fa75b724f1df366b) Importer(815301076,1909f56bfc062723c751e8b465ee728b)
Start importing Assets/Scripts/Manager/LevelStart.cs using Guid(22003c6cae137fa4fa75b724f1df366b) Importer(815301076,1909f56bfc062723c751e8b465ee728b)  -> (artifact id: '74505deb4c86cb8cdb4f3987cbd62a08') in 0.008223 seconds
  Import took 0.011682 seconds .

========================================================================
Received Prepare
Registering precompiled user dll's ...
Registered in 0.001118 seconds.
Begin MonoManager ReloadAssembly
Native extension for LinuxStandalone target not found
Native extension for WindowsStandalone target not found
Native extension for OSXStandalone target not found
Refreshing native plugins compatible for Editor in 0.60 ms, found 1 plugins.
Preloading 0 native plugins for Editor in 0.00 ms.
Mono: successfully reloaded assembly
- Completed reload, in  0.901 seconds
Platform modules already initialized, skipping
Refreshing native plugins compatible for Editor in 0.80 ms, found 1 plugins.
Preloading 0 native plugins for Editor in 0.00 ms.
Unloading 2131 Unused Serialized files (Serialized files now loaded: 0)
System memory in use before: 95.0 MB.
System memory in use after: 95.2 MB.

Unloading 24 unused Assets to reduce memory usage. Loaded Objects now: 2599.
Total: 3.644500 ms (FindLiveObjects: 0.637200 ms CreateObjectMapping: 0.318200 ms MarkObjects: 2.654100 ms  DeleteObjects: 0.033300 ms)

========================================================================
Received Import Request.
  Time since last request: 13.695421 seconds.
  path: Assets/Scripts/Manager/Manager.cs
  artifactKey: Guid(692acd0ff6ba6184cbabe1b9743a3e20) Importer(815301076,1909f56bfc062723c751e8b465ee728b)
Start importing Assets/Scripts/Manager/Manager.cs using Guid(692acd0ff6ba6184cbabe1b9743a3e20) Importer(815301076,1909f56bfc062723c751e8b465ee728b)  -> (artifact id: 'd441e52ea4cbe6273aea91305794926f') in 0.012041 seconds
  Import took 0.016775 seconds .

========================================================================
Received Import Request.
  Time since last request: 0.000221 seconds.
  path: Assets/Scripts/Manager/LevelStart.cs
  artifactKey: Guid(22003c6cae137fa4fa75b724f1df366b) Importer(815301076,1909f56bfc062723c751e8b465ee728b)
Start importing Assets/Scripts/Manager/LevelStart.cs using Guid(22003c6cae137fa4fa75b724f1df366b) Importer(815301076,1909f56bfc062723c751e8b465ee728b)  -> (artifact id: '175e4379717b968e30558a3198987cd3') in 0.003503 seconds
  Import took 0.007666 seconds .

========================================================================
Received Prepare
Registering precompiled user dll's ...
Registered in 0.001153 seconds.
Begin MonoManager ReloadAssembly
Native extension for LinuxStandalone target not found
Native extension for WindowsStandalone target not found
Native extension for OSXStandalone target not found
Refreshing native plugins compatible for Editor in 0.63 ms, found 1 plugins.
Preloading 0 native plugins for Editor in 0.00 ms.
Mono: successfully reloaded assembly
- Completed reload, in  1.093 seconds
Platform modules already initialized, skipping
Refreshing native plugins compatible for Editor in 0.75 ms, found 1 plugins.
Preloading 0 native plugins for Editor in 0.00 ms.
Unloading 2131 Unused Serialized files (Serialized files now loaded: 0)
System memory in use before: 95.1 MB.
System memory in use after: 95.2 MB.

Unloading 24 unused Assets to reduce memory usage. Loaded Objects now: 2603.
Total: 2.192300 ms (FindLiveObjects: 0.225500 ms CreateObjectMapping: 0.078400 ms MarkObjects: 1.863700 ms  DeleteObjects: 0.023100 ms)

========================================================================
Received Import Request.
  Time since last request: 82.148277 seconds.
  path: Assets/Scripts/Manager/ScoreHandler.cs
  artifactKey: Guid(5a6ea575e7dbaab47a4eab179b1a87b2) Importer(815301076,1909f56bfc062723c751e8b465ee728b)
Start importing Assets/Scripts/Manager/ScoreHandler.cs using Guid(5a6ea575e7dbaab47a4eab179b1a87b2) Importer(815301076,1909f56bfc062723c751e8b465ee728b)  -> (artifact id: '0170814218a86270e2a2775db7f1a07f') in 0.012485 seconds
  Import took 0.017260 seconds .

========================================================================
Received Prepare
Registering precompiled user dll's ...
Registered in 0.001117 seconds.
Begin MonoManager ReloadAssembly
Native extension for LinuxStandalone target not found
Native extension for WindowsStandalone target not found
Native extension for OSXStandalone target not found
Refreshing native plugins compatible for Editor in 0.87 ms, found 1 plugins.
Preloading 0 native plugins for Editor in 0.00 ms.
Mono: successfully reloaded assembly
- Completed reload, in  1.103 seconds
Platform modules already initialized, skipping
Refreshing native plugins compatible for Editor in 0.60 ms, found 1 plugins.
Preloading 0 native plugins for Editor in 0.00 ms.
Unloading 2131 Unused Serialized files (Serialized files now loaded: 0)
System memory in use before: 95.1 MB.
System memory in use after: 95.2 MB.

Unloading 24 unused Assets to reduce memory usage. Loaded Objects now: 2607.
Total: 4.364000 ms (FindLiveObjects: 0.965200 ms CreateObjectMapping: 0.120000 ms MarkObjects: 3.213100 ms  DeleteObjects: 0.063300 ms)

========================================================================
Received Import Request.
  Time since last request: 92.759459 seconds.
  path: Assets/Scripts/Manager/Spawn.cs
  artifactKey: Guid(f1cb72fc838115142875bf946dccaab0) Importer(815301076,1909f56bfc062723c751e8b465ee728b)
Start importing Assets/Scripts/Manager/Spawn.cs using Guid(f1cb72fc838115142875bf946dccaab0) Importer(815301076,1909f56bfc062723c751e8b465ee728b)  -> (artifact id: '4d4a58ba55db5f41cd72b4eb587671a0') in 0.010735 seconds
  Import took 0.014478 seconds .

========================================================================
Received Import Request.
  Time since last request: 0.000191 seconds.
  path: Assets/Scripts/Manager/ScoreHandler.cs
  artifactKey: Guid(5a6ea575e7dbaab47a4eab179b1a87b2) Importer(815301076,1909f56bfc062723c751e8b465ee728b)
Start importing Assets/Scripts/Manager/ScoreHandler.cs using Guid(5a6ea575e7dbaab47a4eab179b1a87b2) Importer(815301076,1909f56bfc062723c751e8b465ee728b)  -> (artifact id: '5ea53d88b0d4f3b08286ffe062f4ee63') in 0.002923 seconds
  Import took 0.006094 seconds .

========================================================================
Received Prepare
Registering precompiled user dll's ...
Registered in 0.001162 seconds.
Begin MonoManager ReloadAssembly
Native extension for LinuxStandalone target not found
Native extension for WindowsStandalone target not found
Native extension for OSXStandalone target not found
Refreshing native plugins compatible for Editor in 0.55 ms, found 1 plugins.
Preloading 0 native plugins for Editor in 0.00 ms.
Mono: successfully reloaded assembly
- Completed reload, in  0.855 seconds
Platform modules already initialized, skipping
Refreshing native plugins compatible for Editor in 0.64 ms, found 1 plugins.
Preloading 0 native plugins for Editor in 0.00 ms.
Unloading 2131 Unused Serialized files (Serialized files now loaded: 0)
System memory in use before: 95.1 MB.
System memory in use after: 95.2 MB.

Unloading 24 unused Assets to reduce memory usage. Loaded Objects now: 2611.
Total: 2.032100 ms (FindLiveObjects: 0.262400 ms CreateObjectMapping: 0.083100 ms MarkObjects: 1.659100 ms  DeleteObjects: 0.026400 ms)

========================================================================
Received Import Request.
  Time since last request: 14.773272 seconds.
  path: Assets/Scripts/Manager/Spawn.cs
  artifactKey: Guid(f1cb72fc838115142875bf946dccaab0) Importer(815301076,1909f56bfc062723c751e8b465ee728b)
Start importing Assets/Scripts/Manager/Spawn.cs using Guid(f1cb72fc838115142875bf946dccaab0) Importer(815301076,1909f56bfc062723c751e8b465ee728b)  -> (artifact id: '66534d2d044e4c98757bbdf612bd9ab0') in 0.005913 seconds
  Import took 0.009849 seconds .

========================================================================
Received Prepare
Registering precompiled user dll's ...
Registered in 0.001133 seconds.
Begin MonoManager ReloadAssembly
Native extension for LinuxStandalone target not found
Native extension for WindowsStandalone target not found
Native extension for OSXStandalone target not found
Refreshing native plugins compatible for Editor in 0.68 ms, found 1 plugins.
Preloading 0 native plugins for Editor in 0.00 ms.
Mono: successfully reloaded assembly
- Completed reload, in  0.878 seconds
Platform modules already initialized, skipping
Refreshing native plugins compatible for Editor in 0.66 ms, found 1 plugins.
Preloading 0 native plugins for Editor in 0.00 ms.
Unloading 2131 Unused Serialized files (Serialized files now loaded: 0)
System memory in use before: 95.1 MB.
System memory in use after: 95.2 MB.

Unloading 24 unused Assets to reduce memory usage. Loaded Objects now: 2615.
Total: 2.781000 ms (FindLiveObjects: 0.503600 ms CreateObjectMapping: 0.275300 ms MarkObjects: 1.971900 ms  DeleteObjects: 0.028900 ms)

========================================================================
Received Import Request.
  Time since last request: 19.298769 seconds.
  path: Assets/Scripts/Manager/Spawn.cs
  artifactKey: Guid(f1cb72fc838115142875bf946dccaab0) Importer(815301076,1909f56bfc062723c751e8b465ee728b)
Start importing Assets/Scripts/Manager/Spawn.cs using Guid(f1cb72fc838115142875bf946dccaab0) Importer(815301076,1909f56bfc062723c751e8b465ee728b)  -> (artifact id: '90db58a11323ce57e412df40a8e1a487') in 0.005448 seconds
  Import took 0.009305 seconds .

========================================================================
Received Import Request.
  Time since last request: 0.843697 seconds.
  path: Assets/Scripts/Player
  artifactKey: Guid(4d54b76484d9d98418b6f4839baa929e) Importer(815301076,1909f56bfc062723c751e8b465ee728b)
Start importing Assets/Scripts/Player using Guid(4d54b76484d9d98418b6f4839baa929e) Importer(815301076,1909f56bfc062723c751e8b465ee728b)  -> (artifact id: 'c1bf269059b35121ce9df4ba2c46dbb4') in 0.007324 seconds
  Import took 0.010913 seconds .

========================================================================
Received Import Request.
  Time since last request: 1.449814 seconds.
  path: Assets/Scripts/Player/CharacterAnimator.cs
  artifactKey: Guid(bf8aff44824656043a53755641b59bfa) Importer(815301076,1909f56bfc062723c751e8b465ee728b)
Start importing Assets/Scripts/Player/CharacterAnimator.cs using Guid(bf8aff44824656043a53755641b59bfa) Importer(815301076,1909f56bfc062723c751e8b465ee728b)  -> (artifact id: '26f1453e31f353c2bf021a0dadb88407') in 0.006188 seconds
  Import took 0.009896 seconds .

========================================================================
Received Import Request.
  Time since last request: 0.018992 seconds.
  path: Assets/Scripts/Player/CharacterAnimator.cs
  artifactKey: Guid(bf8aff44824656043a53755641b59bfa) Importer(815301076,1909f56bfc062723c751e8b465ee728b)
Start importing Assets/Scripts/Player/CharacterAnimator.cs using Guid(bf8aff44824656043a53755641b59bfa) Importer(815301076,1909f56bfc062723c751e8b465ee728b)  -> (artifact id: '26f1453e31f353c2bf021a0dadb88407') in 0.002698 seconds
  Import took 0.006345 seconds .

========================================================================
Received Prepare
Registering precompiled user dll's ...
Registered in 0.001149 seconds.
Begin MonoManager ReloadAssembly
Native extension for LinuxStandalone target not found
Native extension for WindowsStandalone target not found
Native extension for OSXStandalone target not found
Refreshing native plugins compatible for Editor in 0.57 ms, found 1 plugins.
Preloading 0 native plugins for Editor in 0.00 ms.
Mono: successfully reloaded assembly
- Completed reload, in  0.919 seconds
Platform modules already initialized, skipping
Refreshing native plugins compatible for Editor in 0.58 ms, found 1 plugins.
Preloading 0 native plugins for Editor in 0.00 ms.
Unloading 2131 Unused Serialized files (Serialized files now loaded: 0)
System memory in use before: 95.1 MB.
System memory in use after: 95.2 MB.

Unloading 24 unused Assets to reduce memory usage. Loaded Objects now: 2619.
Total: 2.302700 ms (FindLiveObjects: 0.294900 ms CreateObjectMapping: 0.080300 ms MarkObjects: 1.881500 ms  DeleteObjects: 0.044700 ms)

========================================================================
Received Import Request.
  Time since last request: 78.670714 seconds.
  path: Assets/Scripts/Player/CharacterAnimator.cs
  artifactKey: Guid(bf8aff44824656043a53755641b59bfa) Importer(815301076,1909f56bfc062723c751e8b465ee728b)
Start importing Assets/Scripts/Player/CharacterAnimator.cs using Guid(bf8aff44824656043a53755641b59bfa) Importer(815301076,1909f56bfc062723c751e8b465ee728b)  -> (artifact id: '8e7f4a7879c8d56065e00ff71c1e329d') in 0.006432 seconds
  Import took 0.010849 seconds .

========================================================================
Received Import Request.
  Time since last request: 0.000210 seconds.
  path: Assets/Scripts/Player/Controller2D.cs
  artifactKey: Guid(62716863481b66842b47a12d4df7f263) Importer(815301076,1909f56bfc062723c751e8b465ee728b)
Start importing Assets/Scripts/Player/Controller2D.cs using Guid(62716863481b66842b47a12d4df7f263) Importer(815301076,1909f56bfc062723c751e8b465ee728b)  -> (artifact id: '729891dfe566b7339f437a3413920ebb') in 0.009442 seconds
  Import took 0.013753 seconds .

========================================================================
Received Prepare
Registering precompiled user dll's ...
Registered in 0.001144 seconds.
Begin MonoManager ReloadAssembly
Native extension for LinuxStandalone target not found
Native extension for WindowsStandalone target not found
Native extension for OSXStandalone target not found
Refreshing native plugins compatible for Editor in 0.61 ms, found 1 plugins.
Preloading 0 native plugins for Editor in 0.00 ms.
Mono: successfully reloaded assembly
- Completed reload, in  1.183 seconds
Platform modules already initialized, skipping
Refreshing native plugins compatible for Editor in 0.62 ms, found 1 plugins.
Preloading 0 native plugins for Editor in 0.00 ms.
Unloading 2131 Unused Serialized files (Serialized files now loaded: 0)
System memory in use before: 95.1 MB.
System memory in use after: 95.2 MB.

Unloading 24 unused Assets to reduce memory usage. Loaded Objects now: 2623.
Total: 2.701700 ms (FindLiveObjects: 0.505100 ms CreateObjectMapping: 0.279900 ms MarkObjects: 1.879600 ms  DeleteObjects: 0.035900 ms)

========================================================================
Received Import Request.
  Time since last request: 228.755503 seconds.
  path: Assets/Scripts/Player/Controller2D.cs
  artifactKey: Guid(62716863481b66842b47a12d4df7f263) Importer(815301076,1909f56bfc062723c751e8b465ee728b)
Start importing Assets/Scripts/Player/Controller2D.cs using Guid(62716863481b66842b47a12d4df7f263) Importer(815301076,1909f56bfc062723c751e8b465ee728b)  -> (artifact id: '65d8bf784a6afdfb86b42e7f54343a46') in 0.006182 seconds
  Import took 0.010821 seconds .

========================================================================
Received Import Request.
  Time since last request: 0.000352 seconds.
  path: Assets/Scripts/Player/Player.cs
  artifactKey: Guid(7ec5967409e439741af834a417b68db7) Importer(815301076,1909f56bfc062723c751e8b465ee728b)
Start importing Assets/Scripts/Player/Player.cs using Guid(7ec5967409e439741af834a417b68db7) Importer(815301076,1909f56bfc062723c751e8b465ee728b)  -> (artifact id: 'd5ad0a58beb6eb8d101615ae02d0543d') in 0.006474 seconds
  Import took 0.011955 seconds .

========================================================================
Received Prepare
Registering precompiled user dll's ...
Registered in 0.001342 seconds.
Begin MonoManager ReloadAssembly
Native extension for LinuxStandalone target not found
Native extension for WindowsStandalone target not found
Native extension for OSXStandalone target not found
Refreshing native plugins compatible for Editor in 0.68 ms, found 1 plugins.
Preloading 0 native plugins for Editor in 0.00 ms.
Mono: successfully reloaded assembly
- Completed reload, in  0.898 seconds
Platform modules already initialized, skipping
Refreshing native plugins compatible for Editor in 1.04 ms, found 1 plugins.
Preloading 0 native plugins for Editor in 0.00 ms.
Unloading 2131 Unused Serialized files (Serialized files now loaded: 0)
System memory in use before: 95.1 MB.
System memory in use after: 95.2 MB.

Unloading 24 unused Assets to reduce memory usage. Loaded Objects now: 2627.
Total: 2.565500 ms (FindLiveObjects: 0.314800 ms CreateObjectMapping: 0.222000 ms MarkObjects: 1.986200 ms  DeleteObjects: 0.041600 ms)

========================================================================
Received Import Request.
  Time since last request: 279.722618 seconds.
  path: Assets/Scripts/Player/PlayerAttack.cs
  artifactKey: Guid(0a4d455f03c7f0747b2c9c574d13e4c5) Importer(815301076,1909f56bfc062723c751e8b465ee728b)
Start importing Assets/Scripts/Player/PlayerAttack.cs using Guid(0a4d455f03c7f0747b2c9c574d13e4c5) Importer(815301076,1909f56bfc062723c751e8b465ee728b)  -> (artifact id: 'bfc2c8ecc1d86d79b77ead298d0f4827') in 0.011488 seconds
  Import took 0.016823 seconds .

========================================================================
Received Import Request.
  Time since last request: 0.000238 seconds.
  path: Assets/Scripts/Player/Controller2D.cs
  artifactKey: Guid(62716863481b66842b47a12d4df7f263) Importer(815301076,1909f56bfc062723c751e8b465ee728b)
Start importing Assets/Scripts/Player/Controller2D.cs using Guid(62716863481b66842b47a12d4df7f263) Importer(815301076,1909f56bfc062723c751e8b465ee728b)  -> (artifact id: '109668f4ac95800f79de00ba807ede88') in 0.003025 seconds
  Import took 0.007817 seconds .

========================================================================
Received Prepare
Registering precompiled user dll's ...
Registered in 0.001233 seconds.
Begin MonoManager ReloadAssembly
Native extension for LinuxStandalone target not found
Native extension for WindowsStandalone target not found
Native extension for OSXStandalone target not found
Refreshing native plugins compatible for Editor in 0.54 ms, found 1 plugins.
Preloading 0 native plugins for Editor in 0.00 ms.
Mono: successfully reloaded assembly
- Completed reload, in  0.914 seconds
Platform modules already initialized, skipping
Refreshing native plugins compatible for Editor in 0.63 ms, found 1 plugins.
Preloading 0 native plugins for Editor in 0.00 ms.
Unloading 2131 Unused Serialized files (Serialized files now loaded: 0)
System memory in use before: 95.1 MB.
System memory in use after: 95.2 MB.

Unloading 24 unused Assets to reduce memory usage. Loaded Objects now: 2631.
Total: 3.818600 ms (FindLiveObjects: 0.211000 ms CreateObjectMapping: 0.089000 ms MarkObjects: 3.478000 ms  DeleteObjects: 0.039000 ms)

========================================================================
Received Import Request.
  Time since last request: 28.758833 seconds.
  path: Assets/Scripts/Player/PlayerAttack.cs
  artifactKey: Guid(0a4d455f03c7f0747b2c9c574d13e4c5) Importer(815301076,1909f56bfc062723c751e8b465ee728b)
Start importing Assets/Scripts/Player/PlayerAttack.cs using Guid(0a4d455f03c7f0747b2c9c574d13e4c5) Importer(815301076,1909f56bfc062723c751e8b465ee728b)  -> (artifact id: '9f8c81b91ee88b6d6a356b4965f5acdb') in 0.013050 seconds
  Import took 0.027338 seconds .

========================================================================
Received Import Request.
  Time since last request: 0.000607 seconds.
  path: Assets/Scripts/Player/PlayerEffects.cs
  artifactKey: Guid(d99948c7950a0e445a9ce76d1726fedb) Importer(815301076,1909f56bfc062723c751e8b465ee728b)
Start importing Assets/Scripts/Player/PlayerEffects.cs using Guid(d99948c7950a0e445a9ce76d1726fedb) Importer(815301076,1909f56bfc062723c751e8b465ee728b)  -> (artifact id: '0aaed922cc1454c5f8d19fd8ff612248') in 0.009148 seconds
  Import took 0.023953 seconds .

========================================================================
Received Prepare
Registering precompiled user dll's ...
Registered in 0.001131 seconds.
Begin MonoManager ReloadAssembly
Native extension for LinuxStandalone target not found
Native extension for WindowsStandalone target not found
Native extension for OSXStandalone target not found
Refreshing native plugins compatible for Editor in 0.58 ms, found 1 plugins.
Preloading 0 native plugins for Editor in 0.00 ms.
Mono: successfully reloaded assembly
- Completed reload, in  0.897 seconds
Platform modules already initialized, skipping
Refreshing native plugins compatible for Editor in 0.68 ms, found 1 plugins.
Preloading 0 native plugins for Editor in 0.00 ms.
Unloading 2131 Unused Serialized files (Serialized files now loaded: 0)
System memory in use before: 95.1 MB.
System memory in use after: 95.2 MB.

Unloading 24 unused Assets to reduce memory usage. Loaded Objects now: 2635.
Total: 2.090900 ms (FindLiveObjects: 0.212200 ms CreateObjectMapping: 0.072300 ms MarkObjects: 1.777600 ms  DeleteObjects: 0.027000 ms)

========================================================================
Received Import Request.
  Time since last request: 81.778575 seconds.
  path: Assets/Scripts/Player/PlayerInput.cs
  artifactKey: Guid(23cfbb18d1f2a554c96cf3c6165f1d2c) Importer(815301076,1909f56bfc062723c751e8b465ee728b)
Start importing Assets/Scripts/Player/PlayerInput.cs using Guid(23cfbb18d1f2a554c96cf3c6165f1d2c) Importer(815301076,1909f56bfc062723c751e8b465ee728b)  -> (artifact id: '663fbe0dfe8e6e1f1457e08f0a9611ac') in 0.012211 seconds
  Import took 0.016367 seconds .

========================================================================
Received Import Request.
  Time since last request: 0.000278 seconds.
  path: Assets/Scripts/Player/PlayerEffects.cs
  artifactKey: Guid(d99948c7950a0e445a9ce76d1726fedb) Importer(815301076,1909f56bfc062723c751e8b465ee728b)
Start importing Assets/Scripts/Player/PlayerEffects.cs using Guid(d99948c7950a0e445a9ce76d1726fedb) Importer(815301076,1909f56bfc062723c751e8b465ee728b)  -> (artifact id: 'c41fca056355ceb7165fe61c7c7e9875') in 0.002937 seconds
  Import took 0.006807 seconds .

========================================================================
Received Prepare
Registering precompiled user dll's ...
Registered in 0.001107 seconds.
Begin MonoManager ReloadAssembly
Native extension for LinuxStandalone target not found
Native extension for WindowsStandalone target not found
Native extension for OSXStandalone target not found
Refreshing native plugins compatible for Editor in 0.55 ms, found 1 plugins.
Preloading 0 native plugins for Editor in 0.00 ms.
Mono: successfully reloaded assembly
- Completed reload, in  0.847 seconds
Platform modules already initialized, skipping
Refreshing native plugins compatible for Editor in 0.59 ms, found 1 plugins.
Preloading 0 native plugins for Editor in 0.00 ms.
Unloading 2131 Unused Serialized files (Serialized files now loaded: 0)
System memory in use before: 95.1 MB.
System memory in use after: 95.3 MB.

Unloading 24 unused Assets to reduce memory usage. Loaded Objects now: 2639.
Total: 2.645700 ms (FindLiveObjects: 0.260000 ms CreateObjectMapping: 0.104200 ms MarkObjects: 2.239100 ms  DeleteObjects: 0.041300 ms)

========================================================================
Received Import Request.
  Time since last request: 36.010079 seconds.
  path: Assets/Scripts/Player/PlayerInput.cs
  artifactKey: Guid(23cfbb18d1f2a554c96cf3c6165f1d2c) Importer(815301076,1909f56bfc062723c751e8b465ee728b)
Start importing Assets/Scripts/Player/PlayerInput.cs using Guid(23cfbb18d1f2a554c96cf3c6165f1d2c) Importer(815301076,1909f56bfc062723c751e8b465ee728b)  -> (artifact id: 'dc9cdc699f02fca39686d30eaa84ba52') in 0.005749 seconds
  Import took 0.009730 seconds .

========================================================================
Received Import Request.
  Time since last request: 0.000258 seconds.
  path: Assets/Scripts/Player/PlayerRestart.cs
  artifactKey: Guid(575d7efc1c2b1bd408a132c3ed33bf08) Importer(815301076,1909f56bfc062723c751e8b465ee728b)
Start importing Assets/Scripts/Player/PlayerRestart.cs using Guid(575d7efc1c2b1bd408a132c3ed33bf08) Importer(815301076,1909f56bfc062723c751e8b465ee728b)  -> (artifact id: 'b56de475bd103c44afe6a740ff18b9db') in 0.007962 seconds
  Import took 0.012831 seconds .

========================================================================
Received Import Request.
  Time since last request: 22.797621 seconds.
  path: Assets/Scripts/Player/PlayerSpriteControl.cs
  artifactKey: Guid(fd19a81828b7c134195e1166ed9f8229) Importer(815301076,1909f56bfc062723c751e8b465ee728b)
Start importing Assets/Scripts/Player/PlayerSpriteControl.cs using Guid(fd19a81828b7c134195e1166ed9f8229) Importer(815301076,1909f56bfc062723c751e8b465ee728b)  -> (artifact id: 'cefb748fd77a89031505d84790487655') in 0.007268 seconds
  Import took 0.011425 seconds .

========================================================================
Received Import Request.
  Time since last request: 21.590343 seconds.
  path: Assets/Scripts/Player/RaycastController.cs
  artifactKey: Guid(85fe31201d2026742b25f9e75f86ab6d) Importer(815301076,1909f56bfc062723c751e8b465ee728b)
Start importing Assets/Scripts/Player/RaycastController.cs using Guid(85fe31201d2026742b25f9e75f86ab6d) Importer(815301076,1909f56bfc062723c751e8b465ee728b)  -> (artifact id: '7e1936da3c147202d02194dbc48d8d95') in 0.007257 seconds
  Import took 0.011156 seconds .

========================================================================
Received Prepare
Registering precompiled user dll's ...
Registered in 0.001167 seconds.
Begin MonoManager ReloadAssembly
Native extension for LinuxStandalone target not found
Native extension for WindowsStandalone target not found
Native extension for OSXStandalone target not found
Refreshing native plugins compatible for Editor in 0.55 ms, found 1 plugins.
Preloading 0 native plugins for Editor in 0.00 ms.
Mono: successfully reloaded assembly
- Completed reload, in  0.904 seconds
Platform modules already initialized, skipping
Refreshing native plugins compatible for Editor in 0.58 ms, found 1 plugins.
Preloading 0 native plugins for Editor in 0.00 ms.
Unloading 2131 Unused Serialized files (Serialized files now loaded: 0)
System memory in use before: 95.1 MB.
System memory in use after: 95.3 MB.

Unloading 24 unused Assets to reduce memory usage. Loaded Objects now: 2643.
Total: 2.619100 ms (FindLiveObjects: 0.289200 ms CreateObjectMapping: 0.190600 ms MarkObjects: 2.095700 ms  DeleteObjects: 0.042800 ms)

========================================================================
Received Import Request.
  Time since last request: 43.179649 seconds.
  path: Assets/Scripts/UI
  artifactKey: Guid(3839922a63b06584e9295e371bb67ae4) Importer(815301076,1909f56bfc062723c751e8b465ee728b)
Start importing Assets/Scripts/UI using Guid(3839922a63b06584e9295e371bb67ae4) Importer(815301076,1909f56bfc062723c751e8b465ee728b)  -> (artifact id: '42efba69c09a5d0946486783130ce9c6') in 0.014025 seconds
  Import took 0.018782 seconds .

========================================================================
Received Import Request.
  Time since last request: 2.339016 seconds.
  path: Assets/Scripts/UI/ButtonFades.cs
  artifactKey: Guid(f6d2bbf65dc5df7438e4e3852b04bb08) Importer(815301076,1909f56bfc062723c751e8b465ee728b)
Start importing Assets/Scripts/UI/ButtonFades.cs using Guid(f6d2bbf65dc5df7438e4e3852b04bb08) Importer(815301076,1909f56bfc062723c751e8b465ee728b)  -> (artifact id: '74153d6302b1b70ba10ebd0be5b961b7') in 0.007040 seconds
  Import took 0.010859 seconds .

========================================================================
Received Import Request.
  Time since last request: 0.001137 seconds.
  path: Assets/Scripts/UI/ButtonFades.cs
  artifactKey: Guid(f6d2bbf65dc5df7438e4e3852b04bb08) Importer(815301076,1909f56bfc062723c751e8b465ee728b)
Start importing Assets/Scripts/UI/ButtonFades.cs using Guid(f6d2bbf65dc5df7438e4e3852b04bb08) Importer(815301076,1909f56bfc062723c751e8b465ee728b)  -> (artifact id: '74153d6302b1b70ba10ebd0be5b961b7') in 0.003445 seconds
  Import took 0.007247 seconds .

========================================================================
Received Prepare
Registering precompiled user dll's ...
Registered in 0.001792 seconds.
Begin MonoManager ReloadAssembly
Native extension for LinuxStandalone target not found
Native extension for WindowsStandalone target not found
Native extension for OSXStandalone target not found
Refreshing native plugins compatible for Editor in 0.70 ms, found 1 plugins.
Preloading 0 native plugins for Editor in 0.00 ms.
Mono: successfully reloaded assembly
- Completed reload, in  0.886 seconds
Platform modules already initialized, skipping
Refreshing native plugins compatible for Editor in 0.69 ms, found 1 plugins.
Preloading 0 native plugins for Editor in 0.00 ms.
Unloading 2131 Unused Serialized files (Serialized files now loaded: 0)
System memory in use before: 95.1 MB.
System memory in use after: 95.3 MB.

Unloading 24 unused Assets to reduce memory usage. Loaded Objects now: 2647.
Total: 2.425300 ms (FindLiveObjects: 0.220300 ms CreateObjectMapping: 0.074000 ms MarkObjects: 2.098000 ms  DeleteObjects: 0.030800 ms)

========================================================================
Received Import Request.
  Time since last request: 82.016479 seconds.
  path: Assets/Scripts/UI/ButtonFades.cs
  artifactKey: Guid(f6d2bbf65dc5df7438e4e3852b04bb08) Importer(815301076,1909f56bfc062723c751e8b465ee728b)
Start importing Assets/Scripts/UI/ButtonFades.cs using Guid(f6d2bbf65dc5df7438e4e3852b04bb08) Importer(815301076,1909f56bfc062723c751e8b465ee728b)  -> (artifact id: '359c505a31d39f762bba18e5b2fce11c') in 0.005706 seconds
  Import took 0.009353 seconds .

========================================================================
Received Import Request.
  Time since last request: 0.000188 seconds.
  path: Assets/Scripts/UI/ButtonHandler.cs
  artifactKey: Guid(565f40088780332419bfad722af0c31d) Importer(815301076,1909f56bfc062723c751e8b465ee728b)
Start importing Assets/Scripts/UI/ButtonHandler.cs using Guid(565f40088780332419bfad722af0c31d) Importer(815301076,1909f56bfc062723c751e8b465ee728b)  -> (artifact id: 'c282e626f121fa7e2d7bf2dd677bdc8d') in 0.008094 seconds
  Import took 0.011980 seconds .

========================================================================
Received Prepare
Registering precompiled user dll's ...
Registered in 0.001099 seconds.
Begin MonoManager ReloadAssembly
Native extension for LinuxStandalone target not found
Native extension for WindowsStandalone target not found
Native extension for OSXStandalone target not found
Refreshing native plugins compatible for Editor in 0.58 ms, found 1 plugins.
Preloading 0 native plugins for Editor in 0.00 ms.
Mono: successfully reloaded assembly
- Completed reload, in  0.853 seconds
Platform modules already initialized, skipping
Refreshing native plugins compatible for Editor in 0.60 ms, found 1 plugins.
Preloading 0 native plugins for Editor in 0.00 ms.
Unloading 2131 Unused Serialized files (Serialized files now loaded: 0)
System memory in use before: 95.2 MB.
System memory in use after: 95.3 MB.

Unloading 24 unused Assets to reduce memory usage. Loaded Objects now: 2651.
Total: 5.064800 ms (FindLiveObjects: 0.586200 ms CreateObjectMapping: 0.265700 ms MarkObjects: 4.184300 ms  DeleteObjects: 0.025300 ms)

========================================================================
Received Import Request.
  Time since last request: 273.593378 seconds.
  path: Assets/Scripts/UI/ClickUI.cs
  artifactKey: Guid(20e16a95831d18d42b4ea58527e34b24) Importer(815301076,1909f56bfc062723c751e8b465ee728b)
Start importing Assets/Scripts/UI/ClickUI.cs using Guid(20e16a95831d18d42b4ea58527e34b24) Importer(815301076,1909f56bfc062723c751e8b465ee728b)  -> (artifact id: '9a44eed316fec01a71f9ce6df8077057') in 0.023493 seconds
  Import took 0.039441 seconds .

========================================================================
Received Import Request.
  Time since last request: 0.030769 seconds.
  path: Assets/Scripts/UI/ButtonHandler.cs
  artifactKey: Guid(565f40088780332419bfad722af0c31d) Importer(815301076,1909f56bfc062723c751e8b465ee728b)
Start importing Assets/Scripts/UI/ButtonHandler.cs using Guid(565f40088780332419bfad722af0c31d) Importer(815301076,1909f56bfc062723c751e8b465ee728b)  -> (artifact id: '233454f743e67df23bbfd8aa72f824ff') in 0.041002 seconds
  Import took 0.054041 seconds .

========================================================================
Received Import Request.
  Time since last request: 23.239888 seconds.
  path: Assets/Scripts/UI/FinalScore.cs
  artifactKey: Guid(1f3b3ac9e27ec984fb4b001cc3c27680) Importer(815301076,1909f56bfc062723c751e8b465ee728b)
Start importing Assets/Scripts/UI/FinalScore.cs using Guid(1f3b3ac9e27ec984fb4b001cc3c27680) Importer(815301076,1909f56bfc062723c751e8b465ee728b)  -> (artifact id: '6bd45afe17f4f9d881af452a9a28fd13') in 0.008147 seconds
  Import took 0.012492 seconds .

========================================================================
Received Import Request.
  Time since last request: 6.660128 seconds.
  path: Assets/Scripts/UI/Loading.cs
  artifactKey: Guid(9a14577d924b69249ab2ff130e690d26) Importer(815301076,1909f56bfc062723c751e8b465ee728b)
Start importing Assets/Scripts/UI/Loading.cs using Guid(9a14577d924b69249ab2ff130e690d26) Importer(815301076,1909f56bfc062723c751e8b465ee728b)  -> (artifact id: 'eaff58b9487fbaf506b2823b7e417176') in 0.007236 seconds
  Import took 0.011078 seconds .

========================================================================
Received Import Request.
  Time since last request: 0.000503 seconds.
  path: Assets/Scripts/UI/Loading.cs
  artifactKey: Guid(9a14577d924b69249ab2ff130e690d26) Importer(815301076,1909f56bfc062723c751e8b465ee728b)
Start importing Assets/Scripts/UI/Loading.cs using Guid(9a14577d924b69249ab2ff130e690d26) Importer(815301076,1909f56bfc062723c751e8b465ee728b)  -> (artifact id: 'eaff58b9487fbaf506b2823b7e417176') in 0.003023 seconds
  Import took 0.006661 seconds .

========================================================================
Received Prepare
Registering precompiled user dll's ...
Registered in 0.001086 seconds.
Begin MonoManager ReloadAssembly
Native extension for LinuxStandalone target not found
Native extension for WindowsStandalone target not found
Native extension for OSXStandalone target not found
Refreshing native plugins compatible for Editor in 0.67 ms, found 1 plugins.
Preloading 0 native plugins for Editor in 0.00 ms.
Mono: successfully reloaded assembly
- Completed reload, in  0.908 seconds
Platform modules already initialized, skipping
Refreshing native plugins compatible for Editor in 0.56 ms, found 1 plugins.
Preloading 0 native plugins for Editor in 0.00 ms.
Unloading 2130 Unused Serialized files (Serialized files now loaded: 0)
System memory in use before: 95.1 MB.
System memory in use after: 95.3 MB.

Unloading 25 unused Assets to reduce memory usage. Loaded Objects now: 2654.
Total: 2.203900 ms (FindLiveObjects: 0.333600 ms CreateObjectMapping: 0.091700 ms MarkObjects: 1.734900 ms  DeleteObjects: 0.043000 ms)

========================================================================
Received Prepare
Registering precompiled user dll's ...
Registered in 0.001784 seconds.
Begin MonoManager ReloadAssembly
Native extension for LinuxStandalone target not found
Native extension for WindowsStandalone target not found
Native extension for OSXStandalone target not found
Refreshing native plugins compatible for Editor in 0.96 ms, found 1 plugins.
Preloading 0 native plugins for Editor in 0.00 ms.
Mono: successfully reloaded assembly
- Completed reload, in  1.285 seconds
Platform modules already initialized, skipping
Refreshing native plugins compatible for Editor in 0.73 ms, found 1 plugins.
Preloading 0 native plugins for Editor in 0.00 ms.
Unloading 2130 Unused Serialized files (Serialized files now loaded: 0)
System memory in use before: 95.2 MB.
System memory in use after: 95.3 MB.

Unloading 24 unused Assets to reduce memory usage. Loaded Objects now: 2658.
Total: 2.471300 ms (FindLiveObjects: 0.394100 ms CreateObjectMapping: 0.153800 ms MarkObjects: 1.903100 ms  DeleteObjects: 0.019200 ms)

========================================================================
Received Prepare
Registering precompiled user dll's ...
Registered in 0.001056 seconds.
Begin MonoManager ReloadAssembly
Native extension for LinuxStandalone target not found
Native extension for WindowsStandalone target not found
Native extension for OSXStandalone target not found
Refreshing native plugins compatible for Editor in 0.55 ms, found 1 plugins.
Preloading 0 native plugins for Editor in 0.00 ms.
Mono: successfully reloaded assembly
- Completed reload, in  0.851 seconds
Platform modules already initialized, skipping
Refreshing native plugins compatible for Editor in 0.95 ms, found 1 plugins.
Preloading 0 native plugins for Editor in 0.00 ms.
Unloading 2130 Unused Serialized files (Serialized files now loaded: 0)
System memory in use before: 95.2 MB.
System memory in use after: 95.3 MB.

Unloading 24 unused Assets to reduce memory usage. Loaded Objects now: 2662.
Total: 2.380300 ms (FindLiveObjects: 0.231400 ms CreateObjectMapping: 0.082400 ms MarkObjects: 2.044000 ms  DeleteObjects: 0.020000 ms)

========================================================================
Received Import Request.
  Time since last request: 1529.420251 seconds.
  path: Assets/Scripts/UI/ClickUI.cs
  artifactKey: Guid(20e16a95831d18d42b4ea58527e34b24) Importer(815301076,1909f56bfc062723c751e8b465ee728b)
Start importing Assets/Scripts/UI/ClickUI.cs using Guid(20e16a95831d18d42b4ea58527e34b24) Importer(815301076,1909f56bfc062723c751e8b465ee728b)  -> (artifact id: '50942fa75704c400ad9b6466ac605886') in 0.005872 seconds
  Import took 0.009767 seconds .

========================================================================
Received Import Request.
  Time since last request: 6.324356 seconds.
  path: Assets/Scripts/UI/OverlayUI.cs
  artifactKey: Guid(2450725c97d5c0a488a19c74d4395e21) Importer(815301076,1909f56bfc062723c751e8b465ee728b)
Start importing Assets/Scripts/UI/OverlayUI.cs using Guid(2450725c97d5c0a488a19c74d4395e21) Importer(815301076,1909f56bfc062723c751e8b465ee728b)  -> (artifact id: '1d2774e7443292f01d5b909b4e1d3025') in 0.007019 seconds
  Import took 0.011026 seconds .

========================================================================
Received Import Request.
  Time since last request: 0.019021 seconds.
  path: Assets/Scripts/UI/OverlayUI.cs
  artifactKey: Guid(2450725c97d5c0a488a19c74d4395e21) Importer(815301076,1909f56bfc062723c751e8b465ee728b)
Start importing Assets/Scripts/UI/OverlayUI.cs using Guid(2450725c97d5c0a488a19c74d4395e21) Importer(815301076,1909f56bfc062723c751e8b465ee728b)  -> (artifact id: '1d2774e7443292f01d5b909b4e1d3025') in 0.002866 seconds
  Import took 0.006523 seconds .

========================================================================
Received Prepare
Registering precompiled user dll's ...
Registered in 0.001177 seconds.
Begin MonoManager ReloadAssembly
Native extension for LinuxStandalone target not found
Native extension for WindowsStandalone target not found
Native extension for OSXStandalone target not found
Refreshing native plugins compatible for Editor in 0.65 ms, found 1 plugins.
Preloading 0 native plugins for Editor in 0.00 ms.
Mono: successfully reloaded assembly
- Completed reload, in  0.904 seconds
Platform modules already initialized, skipping
Refreshing native plugins compatible for Editor in 1.21 ms, found 1 plugins.
Preloading 0 native plugins for Editor in 0.00 ms.
Unloading 2130 Unused Serialized files (Serialized files now loaded: 0)
System memory in use before: 95.2 MB.
System memory in use after: 95.3 MB.

Unloading 24 unused Assets to reduce memory usage. Loaded Objects now: 2666.
Total: 2.828300 ms (FindLiveObjects: 0.448800 ms CreateObjectMapping: 0.234400 ms MarkObjects: 2.124200 ms  DeleteObjects: 0.019800 ms)

========================================================================
Received Import Request.
  Time since last request: 33.818136 seconds.
  path: Assets/Scripts/UI/Push3DtoFront.cs
  artifactKey: Guid(403617c1164c64249903a6419b7967c3) Importer(815301076,1909f56bfc062723c751e8b465ee728b)
Start importing Assets/Scripts/UI/Push3DtoFront.cs using Guid(403617c1164c64249903a6419b7967c3) Importer(815301076,1909f56bfc062723c751e8b465ee728b)  -> (artifact id: '36d4161d09281496cde745bbed15567e') in 0.010094 seconds
  Import took 0.014273 seconds .

========================================================================
Received Import Request.
  Time since last request: 0.000239 seconds.
  path: Assets/Scripts/UI/OverlayUI.cs
  artifactKey: Guid(2450725c97d5c0a488a19c74d4395e21) Importer(815301076,1909f56bfc062723c751e8b465ee728b)
Start importing Assets/Scripts/UI/OverlayUI.cs using Guid(2450725c97d5c0a488a19c74d4395e21) Importer(815301076,1909f56bfc062723c751e8b465ee728b)  -> (artifact id: '41182634dd3e0c8a4d693913cacca255') in 0.002976 seconds
  Import took 0.006441 seconds .

========================================================================
Received Prepare
Registering precompiled user dll's ...
Registered in 0.001350 seconds.
Begin MonoManager ReloadAssembly
Native extension for LinuxStandalone target not found
Native extension for WindowsStandalone target not found
Native extension for OSXStandalone target not found
Refreshing native plugins compatible for Editor in 0.73 ms, found 1 plugins.
Preloading 0 native plugins for Editor in 0.00 ms.
Mono: successfully reloaded assembly
- Completed reload, in  0.893 seconds
Platform modules already initialized, skipping
Refreshing native plugins compatible for Editor in 0.65 ms, found 1 plugins.
Preloading 0 native plugins for Editor in 0.00 ms.
Unloading 2130 Unused Serialized files (Serialized files now loaded: 0)
System memory in use before: 95.2 MB.
System memory in use after: 95.3 MB.

Unloading 24 unused Assets to reduce memory usage. Loaded Objects now: 2670.
Total: 2.229300 ms (FindLiveObjects: 0.274200 ms CreateObjectMapping: 0.087100 ms MarkObjects: 1.815700 ms  DeleteObjects: 0.051300 ms)

========================================================================
Received Import Request.
  Time since last request: 25.315409 seconds.
  path: Assets/Scripts/UI/Push3DtoFront.cs
  artifactKey: Guid(403617c1164c64249903a6419b7967c3) Importer(815301076,1909f56bfc062723c751e8b465ee728b)
Start importing Assets/Scripts/UI/Push3DtoFront.cs using Guid(403617c1164c64249903a6419b7967c3) Importer(815301076,1909f56bfc062723c751e8b465ee728b)  -> (artifact id: 'f29762c98d3c2fbf7842d7a07b33e9db') in 0.005739 seconds
  Import took 0.009495 seconds .

========================================================================
Received Import Request.
  Time since last request: 13.638106 seconds.
  path: Assets/Scripts/UI/SafeAreaDetection.cs
  artifactKey: Guid(18a0c5e28fb5d4147a0bd7cb21232733) Importer(815301076,1909f56bfc062723c751e8b465ee728b)
Start importing Assets/Scripts/UI/SafeAreaDetection.cs using Guid(18a0c5e28fb5d4147a0bd7cb21232733) Importer(815301076,1909f56bfc062723c751e8b465ee728b)  -> (artifact id: 'fa9ff2dee2f2c719331f724b9d51a147') in 0.006841 seconds
  Import took 0.010373 seconds .

========================================================================
Received Prepare
Registering precompiled user dll's ...
Registered in 0.001493 seconds.
Begin MonoManager ReloadAssembly
Native extension for LinuxStandalone target not found
Native extension for WindowsStandalone target not found
Native extension for OSXStandalone target not found
Refreshing native plugins compatible for Editor in 0.56 ms, found 1 plugins.
Preloading 0 native plugins for Editor in 0.00 ms.
Mono: successfully reloaded assembly
- Completed reload, in  0.870 seconds
Platform modules already initialized, skipping
Refreshing native plugins compatible for Editor in 0.69 ms, found 1 plugins.
Preloading 0 native plugins for Editor in 0.00 ms.
Unloading 2130 Unused Serialized files (Serialized files now loaded: 0)
System memory in use before: 95.2 MB.
System memory in use after: 95.3 MB.

Unloading 24 unused Assets to reduce memory usage. Loaded Objects now: 2674.
Total: 3.027700 ms (FindLiveObjects: 0.436600 ms CreateObjectMapping: 0.209700 ms MarkObjects: 2.351600 ms  DeleteObjects: 0.028100 ms)

========================================================================
Received Import Request.
  Time since last request: 14.337248 seconds.
  path: Assets/Scripts/UI/SafeAreaDetection.cs
  artifactKey: Guid(18a0c5e28fb5d4147a0bd7cb21232733) Importer(815301076,1909f56bfc062723c751e8b465ee728b)
Start importing Assets/Scripts/UI/SafeAreaDetection.cs using Guid(18a0c5e28fb5d4147a0bd7cb21232733) Importer(815301076,1909f56bfc062723c751e8b465ee728b)  -> (artifact id: 'bb53b5caa6a4788356cae074ca2b5bcb') in 0.005656 seconds
  Import took 0.009954 seconds .

========================================================================
Received Import Request.
  Time since last request: 0.000228 seconds.
  path: Assets/Scripts/UI/SafeAreaPanel.cs
  artifactKey: Guid(25a753616f94ef74e9d1d59794ed908f) Importer(815301076,1909f56bfc062723c751e8b465ee728b)
Start importing Assets/Scripts/UI/SafeAreaPanel.cs using Guid(25a753616f94ef74e9d1d59794ed908f) Importer(815301076,1909f56bfc062723c751e8b465ee728b)  -> (artifact id: 'ac8877109ce0e27c247e5fc793b7d2ee') in 0.007009 seconds
  Import took 0.011094 seconds .

========================================================================
Received Import Request.
  Time since last request: 8.477985 seconds.
  path: Assets/Scripts/UI/ScoreObjDestroy.cs
  artifactKey: Guid(94dee6d521f9fbb4e887f8eeb34279f1) Importer(815301076,1909f56bfc062723c751e8b465ee728b)
Start importing Assets/Scripts/UI/ScoreObjDestroy.cs using Guid(94dee6d521f9fbb4e887f8eeb34279f1) Importer(815301076,1909f56bfc062723c751e8b465ee728b)  -> (artifact id: '449ac606b3eec744324fc7d9b0d5068e') in 0.008387 seconds
  Import took 0.012591 seconds .

========================================================================
Received Import Request.
  Time since last request: 15.472314 seconds.
  path: Assets/Scripts/UI/ScorePopUp.cs
  artifactKey: Guid(59c90ba6a07a0fa4b925dd8d7eec6fcd) Importer(815301076,1909f56bfc062723c751e8b465ee728b)
Start importing Assets/Scripts/UI/ScorePopUp.cs using Guid(59c90ba6a07a0fa4b925dd8d7eec6fcd) Importer(815301076,1909f56bfc062723c751e8b465ee728b)  -> (artifact id: 'b2207da17606d4ae5f2dcc88ab89b174') in 0.008072 seconds
  Import took 0.012317 seconds .

========================================================================
Received Import Request.
  Time since last request: 4.741397 seconds.
  path: Assets/Scripts/UI/SpeechDeactivator.cs
  artifactKey: Guid(66f5ed742927e4146a52a24a780534eb) Importer(815301076,1909f56bfc062723c751e8b465ee728b)
Start importing Assets/Scripts/UI/SpeechDeactivator.cs using Guid(66f5ed742927e4146a52a24a780534eb) Importer(815301076,1909f56bfc062723c751e8b465ee728b)  -> (artifact id: 'd291a7634ded68b7e2ce9cc9c9b4a96d') in 0.007696 seconds
  Import took 0.011325 seconds .

========================================================================
Received Import Request.
  Time since last request: 10.226026 seconds.
  path: Assets/Scripts/UI/SpeechUIHandler.cs
  artifactKey: Guid(e1de020ef09e1f349b5879509dc3142d) Importer(815301076,1909f56bfc062723c751e8b465ee728b)
Start importing Assets/Scripts/UI/SpeechUIHandler.cs using Guid(e1de020ef09e1f349b5879509dc3142d) Importer(815301076,1909f56bfc062723c751e8b465ee728b)  -> (artifact id: 'dfdc579bf4f898c446d2ea42648b18e3') in 0.007692 seconds
  Import took 0.011700 seconds .

========================================================================
Received Prepare
Registering precompiled user dll's ...
Registered in 0.001116 seconds.
Begin MonoManager ReloadAssembly
Native extension for LinuxStandalone target not found
Native extension for WindowsStandalone target not found
Native extension for OSXStandalone target not found
Refreshing native plugins compatible for Editor in 0.64 ms, found 1 plugins.
Preloading 0 native plugins for Editor in 0.00 ms.
Mono: successfully reloaded assembly
- Completed reload, in  0.899 seconds
Platform modules already initialized, skipping
Refreshing native plugins compatible for Editor in 0.63 ms, found 1 plugins.
Preloading 0 native plugins for Editor in 0.00 ms.
Unloading 2130 Unused Serialized files (Serialized files now loaded: 0)
System memory in use before: 95.2 MB.
System memory in use after: 95.3 MB.

Unloading 24 unused Assets to reduce memory usage. Loaded Objects now: 2678.
Total: 3.040200 ms (FindLiveObjects: 0.695200 ms CreateObjectMapping: 0.205900 ms MarkObjects: 2.110500 ms  DeleteObjects: 0.027700 ms)

========================================================================
Received Import Request.
  Time since last request: 22.517539 seconds.
  path: Assets/Scripts/UI/SpeechUIHandler.cs
  artifactKey: Guid(e1de020ef09e1f349b5879509dc3142d) Importer(815301076,1909f56bfc062723c751e8b465ee728b)
Start importing Assets/Scripts/UI/SpeechUIHandler.cs using Guid(e1de020ef09e1f349b5879509dc3142d) Importer(815301076,1909f56bfc062723c751e8b465ee728b)  -> (artifact id: '1825a3a64d6b48910f7db9e1eb534c55') in 0.006149 seconds
  Import took 0.009802 seconds .

========================================================================
Received Import Request.
  Time since last request: 4.326399 seconds.
  path: Assets/Scripts/UnityAds.cs
  artifactKey: Guid(b8b1e4f423b53cb4d9f60c2a82b7a6dc) Importer(815301076,1909f56bfc062723c751e8b465ee728b)
Start importing Assets/Scripts/UnityAds.cs using Guid(b8b1e4f423b53cb4d9f60c2a82b7a6dc) Importer(815301076,1909f56bfc062723c751e8b465ee728b)  -> (artifact id: '784e4ed9d7b7f8732512dbb9ce9c4c3e') in 0.009038 seconds
  Import took 0.012632 seconds .

========================================================================
Received Import Request.
  Time since last request: 1102.190047 seconds.
  path: Assets/Scripts/LevelObjects
  artifactKey: Guid(1a08f5897419fd749b680af0fc33cd93) Importer(815301076,1909f56bfc062723c751e8b465ee728b)
Start importing Assets/Scripts/LevelObjects using Guid(1a08f5897419fd749b680af0fc33cd93) Importer(815301076,1909f56bfc062723c751e8b465ee728b)  -> (artifact id: '7c3ed735631634957b00541cb0a6d18d') in 0.008656 seconds
  Import took 0.013835 seconds .

========================================================================
Received Prepare
Registering precompiled user dll's ...
Registered in 0.001116 seconds.
Begin MonoManager ReloadAssembly
Native extension for LinuxStandalone target not found
Native extension for WindowsStandalone target not found
Native extension for OSXStandalone target not found
Refreshing native plugins compatible for Editor in 0.60 ms, found 1 plugins.
Preloading 0 native plugins for Editor in 0.00 ms.
Mono: successfully reloaded assembly
- Completed reload, in  0.889 seconds
Platform modules already initialized, skipping
Refreshing native plugins compatible for Editor in 0.61 ms, found 1 plugins.
Preloading 0 native plugins for Editor in 0.00 ms.
Unloading 2130 Unused Serialized files (Serialized files now loaded: 0)
System memory in use before: 95.2 MB.
System memory in use after: 95.3 MB.

Unloading 24 unused Assets to reduce memory usage. Loaded Objects now: 2682.
Total: 3.112300 ms (FindLiveObjects: 0.445200 ms CreateObjectMapping: 0.245700 ms MarkObjects: 2.377700 ms  DeleteObjects: 0.042900 ms)

========================================================================
Received Import Request.
  Time since last request: 696.495700 seconds.
  path: Assets/Scripts/Level/ObjectPooler.cs
  artifactKey: Guid(7326a1f00c1c5e9459ea2952318f9743) Importer(815301076,1909f56bfc062723c751e8b465ee728b)
Start importing Assets/Scripts/Level/ObjectPooler.cs using Guid(7326a1f00c1c5e9459ea2952318f9743) Importer(815301076,1909f56bfc062723c751e8b465ee728b)  -> (artifact id: '1b49d4911a86aa0e75f1f39d30214a2c') in 0.012762 seconds
  Import took 0.018044 seconds .

========================================================================
Received Import Request.
  Time since last request: 5462.679435 seconds.
  path: Assets/Prefabs/Game/GameManager.prefab
  artifactKey: Guid(ef44f7ba92dc2044086d09da04d36be8) Importer(815301076,1909f56bfc062723c751e8b465ee728b)
Start importing Assets/Prefabs/Game/GameManager.prefab using Guid(ef44f7ba92dc2044086d09da04d36be8) Importer(815301076,1909f56bfc062723c751e8b465ee728b)  -> (artifact id: 'ecab3c43cbc49c2b01a5dbf93ab5e56c') in 0.211846 seconds
  Import took 0.246295 seconds .

========================================================================
Received Prepare
Registering precompiled user dll's ...
Registered in 0.002957 seconds.
Begin MonoManager ReloadAssembly
Native extension for LinuxStandalone target not found
Native extension for WindowsStandalone target not found
Native extension for OSXStandalone target not found
Refreshing native plugins compatible for Editor in 0.58 ms, found 1 plugins.
Preloading 0 native plugins for Editor in 0.00 ms.
Mono: successfully reloaded assembly
- Completed reload, in  1.038 seconds
Platform modules already initialized, skipping
Refreshing native plugins compatible for Editor in 0.62 ms, found 1 plugins.
Preloading 0 native plugins for Editor in 0.00 ms.
Unloading 2130 Unused Serialized files (Serialized files now loaded: 0)
System memory in use before: 95.3 MB.
System memory in use after: 95.4 MB.

Unloading 24 unused Assets to reduce memory usage. Loaded Objects now: 2686.
Total: 2.976000 ms (FindLiveObjects: 0.263600 ms CreateObjectMapping: 0.102600 ms MarkObjects: 2.566000 ms  DeleteObjects: 0.042800 ms)

========================================================================
Received Prepare
Registering precompiled user dll's ...
Registered in 0.001476 seconds.
Begin MonoManager ReloadAssembly
Native extension for LinuxStandalone target not found
Native extension for WindowsStandalone target not found
Native extension for OSXStandalone target not found
Refreshing native plugins compatible for Editor in 0.58 ms, found 1 plugins.
Preloading 0 native plugins for Editor in 0.00 ms.
Mono: successfully reloaded assembly
- Completed reload, in  0.905 seconds
Platform modules already initialized, skipping
Refreshing native plugins compatible for Editor in 0.75 ms, found 1 plugins.
Preloading 0 native plugins for Editor in 0.00 ms.
Unloading 2130 Unused Serialized files (Serialized files now loaded: 0)
System memory in use before: 95.3 MB.
System memory in use after: 95.4 MB.

Unloading 24 unused Assets to reduce memory usage. Loaded Objects now: 2690.
Total: 2.717800 ms (FindLiveObjects: 0.538200 ms CreateObjectMapping: 0.193400 ms MarkObjects: 1.962200 ms  DeleteObjects: 0.022500 ms)

========================================================================
Received Import Request.
  Time since last request: 14381.804181 seconds.
  path: Assets/Prefabs
  artifactKey: Guid(332f89c0a7906a146bdd1d37102d1aab) Importer(815301076,1909f56bfc062723c751e8b465ee728b)
Start importing Assets/Prefabs using Guid(332f89c0a7906a146bdd1d37102d1aab) Importer(815301076,1909f56bfc062723c751e8b465ee728b)  -> (artifact id: '5b47ae2c851e68574d6da6e92e7b693f') in 0.011026 seconds
  Import took 0.016195 seconds .

========================================================================
Received Import Request.
  Time since last request: 10.342463 seconds.
  path: Assets/Prefabs/Level Objects/GroundBlocks
  artifactKey: Guid(1a78f7e7e60e1334abf9b66dc534ac9f) Importer(815301076,1909f56bfc062723c751e8b465ee728b)
Start importing Assets/Prefabs/Level Objects/GroundBlocks using Guid(1a78f7e7e60e1334abf9b66dc534ac9f) Importer(815301076,1909f56bfc062723c751e8b465ee728b)  -> (artifact id: '547751756943ef75562e64d657dc4eca') in 0.008038 seconds
  Import took 0.012309 seconds .

========================================================================
Received Import Request.
  Time since last request: 3.460797 seconds.
  path: Assets/Prefabs/UI
  artifactKey: Guid(b580bcd7987fc4f498ef137c414e223a) Importer(815301076,1909f56bfc062723c751e8b465ee728b)
Start importing Assets/Prefabs/UI using Guid(b580bcd7987fc4f498ef137c414e223a) Importer(815301076,1909f56bfc062723c751e8b465ee728b)  -> (artifact id: 'dde37d9e0b96801f8537c79eb908a52f') in 0.008106 seconds
  Import took 0.011965 seconds .

========================================================================
Received Import Request.
  Time since last request: 3.264696 seconds.
  path: Assets/Prefabs/UI/ClickDestroy.cs
  artifactKey: Guid(5ff9c3f9637b35c4ca1235b29235476a) Importer(815301076,1909f56bfc062723c751e8b465ee728b)
Start importing Assets/Prefabs/UI/ClickDestroy.cs using Guid(5ff9c3f9637b35c4ca1235b29235476a) Importer(815301076,1909f56bfc062723c751e8b465ee728b)  -> (artifact id: 'efece00364e1eff8587eb0883b1b951c') in 0.007493 seconds
  Import took 0.011316 seconds .

========================================================================
Received Import Request.
  Time since last request: 0.000398 seconds.
  path: Assets/Prefabs/UI/ClickDestroy.cs
  artifactKey: Guid(5ff9c3f9637b35c4ca1235b29235476a) Importer(815301076,1909f56bfc062723c751e8b465ee728b)
Start importing Assets/Prefabs/UI/ClickDestroy.cs using Guid(5ff9c3f9637b35c4ca1235b29235476a) Importer(815301076,1909f56bfc062723c751e8b465ee728b)  -> (artifact id: 'efece00364e1eff8587eb0883b1b951c') in 0.003109 seconds
  Import took 0.007142 seconds .

========================================================================
Received Prepare
Registering precompiled user dll's ...
Registered in 0.001152 seconds.
Begin MonoManager ReloadAssembly
Native extension for LinuxStandalone target not found
Native extension for WindowsStandalone target not found
Native extension for OSXStandalone target not found
Refreshing native plugins compatible for Editor in 0.63 ms, found 1 plugins.
Preloading 0 native plugins for Editor in 0.00 ms.
Mono: successfully reloaded assembly
- Completed reload, in  0.924 seconds
Platform modules already initialized, skipping
Refreshing native plugins compatible for Editor in 0.60 ms, found 1 plugins.
Preloading 0 native plugins for Editor in 0.00 ms.
Unloading 2130 Unused Serialized files (Serialized files now loaded: 0)
System memory in use before: 95.3 MB.
System memory in use after: 95.4 MB.

Unloading 24 unused Assets to reduce memory usage. Loaded Objects now: 2694.
Total: 2.403900 ms (FindLiveObjects: 0.313200 ms CreateObjectMapping: 0.182900 ms MarkObjects: 1.886400 ms  DeleteObjects: 0.020400 ms)

========================================================================
Received Prepare
Registering precompiled user dll's ...
Registered in 0.001355 seconds.
Begin MonoManager ReloadAssembly
Native extension for LinuxStandalone target not found
Native extension for WindowsStandalone target not found
Native extension for OSXStandalone target not found
Refreshing native plugins compatible for Editor in 0.56 ms, found 1 plugins.
Preloading 0 native plugins for Editor in 0.00 ms.
Mono: successfully reloaded assembly
- Completed reload, in  0.896 seconds
Platform modules already initialized, skipping
Refreshing native plugins compatible for Editor in 1.92 ms, found 1 plugins.
Preloading 0 native plugins for Editor in 0.00 ms.
Unloading 2130 Unused Serialized files (Serialized files now loaded: 0)
System memory in use before: 95.3 MB.
System memory in use after: 95.4 MB.

Unloading 24 unused Assets to reduce memory usage. Loaded Objects now: 2698.
Total: 2.333000 ms (FindLiveObjects: 0.281400 ms CreateObjectMapping: 0.086100 ms MarkObjects: 1.915600 ms  DeleteObjects: 0.048900 ms)

========================================================================
Received Prepare
Registering precompiled user dll's ...
Registered in 0.001279 seconds.
Begin MonoManager ReloadAssembly
Native extension for LinuxStandalone target not found
Native extension for WindowsStandalone target not found
Native extension for OSXStandalone target not found
Refreshing native plugins compatible for Editor in 0.57 ms, found 1 plugins.
Preloading 0 native plugins for Editor in 0.00 ms.
Mono: successfully reloaded assembly
- Completed reload, in  0.905 seconds
Platform modules already initialized, skipping
Refreshing native plugins compatible for Editor in 0.73 ms, found 1 plugins.
Preloading 0 native plugins for Editor in 0.00 ms.
Unloading 2130 Unused Serialized files (Serialized files now loaded: 0)
System memory in use before: 95.3 MB.
System memory in use after: 95.5 MB.

Unloading 24 unused Assets to reduce memory usage. Loaded Objects now: 2702.
Total: 3.410600 ms (FindLiveObjects: 0.327600 ms CreateObjectMapping: 0.109800 ms MarkObjects: 2.950000 ms  DeleteObjects: 0.021900 ms)

========================================================================
Received Prepare
Registering precompiled user dll's ...
Registered in 0.001230 seconds.
Begin MonoManager ReloadAssembly
Native extension for LinuxStandalone target not found
Native extension for WindowsStandalone target not found
Native extension for OSXStandalone target not found
Refreshing native plugins compatible for Editor in 0.90 ms, found 1 plugins.
Preloading 0 native plugins for Editor in 0.00 ms.
Mono: successfully reloaded assembly
- Completed reload, in  1.031 seconds
Platform modules already initialized, skipping
Refreshing native plugins compatible for Editor in 0.76 ms, found 1 plugins.
Preloading 0 native plugins for Editor in 0.00 ms.
Unloading 2130 Unused Serialized files (Serialized files now loaded: 0)
System memory in use before: 95.4 MB.
System memory in use after: 95.6 MB.

Unloading 24 unused Assets to reduce memory usage. Loaded Objects now: 2706.
Total: 2.720100 ms (FindLiveObjects: 0.364100 ms CreateObjectMapping: 0.089600 ms MarkObjects: 2.244900 ms  DeleteObjects: 0.020400 ms)

========================================================================
Received Prepare
Registering precompiled user dll's ...
Registered in 0.001205 seconds.
Begin MonoManager ReloadAssembly
Native extension for LinuxStandalone target not found
Native extension for WindowsStandalone target not found
Native extension for OSXStandalone target not found
Refreshing native plugins compatible for Editor in 0.80 ms, found 1 plugins.
Preloading 0 native plugins for Editor in 0.00 ms.
Mono: successfully reloaded assembly
- Completed reload, in  0.963 seconds
Platform modules already initialized, skipping
Refreshing native plugins compatible for Editor in 0.68 ms, found 1 plugins.
Preloading 0 native plugins for Editor in 0.00 ms.
Unloading 2130 Unused Serialized files (Serialized files now loaded: 0)
System memory in use before: 95.4 MB.
System memory in use after: 95.6 MB.

Unloading 24 unused Assets to reduce memory usage. Loaded Objects now: 2710.
Total: 3.473200 ms (FindLiveObjects: 0.601200 ms CreateObjectMapping: 0.283800 ms MarkObjects: 2.562400 ms  DeleteObjects: 0.024400 ms)

========================================================================
Received Prepare
Registering precompiled user dll's ...
Registered in 0.001229 seconds.
Begin MonoManager ReloadAssembly
Native extension for LinuxStandalone target not found
Native extension for WindowsStandalone target not found
Native extension for OSXStandalone target not found
Refreshing native plugins compatible for Editor in 0.75 ms, found 1 plugins.
Preloading 0 native plugins for Editor in 0.00 ms.
Mono: successfully reloaded assembly
- Completed reload, in  0.955 seconds
Platform modules already initialized, skipping
Refreshing native plugins compatible for Editor in 0.56 ms, found 1 plugins.
Preloading 0 native plugins for Editor in 0.00 ms.
Unloading 2130 Unused Serialized files (Serialized files now loaded: 0)
System memory in use before: 95.4 MB.
System memory in use after: 95.7 MB.

Unloading 24 unused Assets to reduce memory usage. Loaded Objects now: 2714.
Total: 2.577200 ms (FindLiveObjects: 0.425300 ms CreateObjectMapping: 0.110100 ms MarkObjects: 1.998900 ms  DeleteObjects: 0.041600 ms)

========================================================================
Received Prepare
Registering precompiled user dll's ...
Registered in 0.001111 seconds.
Begin MonoManager ReloadAssembly
Native extension for LinuxStandalone target not found
Native extension for WindowsStandalone target not found
Native extension for OSXStandalone target not found
Refreshing native plugins compatible for Editor in 0.63 ms, found 1 plugins.
Preloading 0 native plugins for Editor in 0.00 ms.
Mono: successfully reloaded assembly
- Completed reload, in  0.874 seconds
Platform modules already initialized, skipping
Refreshing native plugins compatible for Editor in 0.58 ms, found 1 plugins.
Preloading 0 native plugins for Editor in 0.00 ms.
Unloading 2130 Unused Serialized files (Serialized files now loaded: 0)
System memory in use before: 95.5 MB.
System memory in use after: 95.7 MB.

Unloading 24 unused Assets to reduce memory usage. Loaded Objects now: 2718.
Total: 2.357900 ms (FindLiveObjects: 0.302800 ms CreateObjectMapping: 0.088100 ms MarkObjects: 1.937800 ms  DeleteObjects: 0.028300 ms)

AssetImportWorkerClient::OnTransportError - code=2 error=End of file
